2024-11-05 13:49:57 0 [Note] Starting MariaDB 11.5.2-MariaDB-ubu2404-log source revision ea75a0b6009b0251e83193cd38c3974e36b65e06 server_uid n3eKaMtS8s6kK5ByziRd0O6+e6o= as process 20
2024-11-05 13:49:57 0 [Note] InnoDB: Compressed tables use zlib 1.3
2024-11-05 13:49:57 0 [Note] InnoDB: Number of transaction pools: 1
2024-11-05 13:49:57 0 [Note] InnoDB: Using AVX512 instructions
2024-11-05 13:49:57 0 [Note] mariadbd: O_TMPFILE is not supported on /tmp (disabling future attempts)
2024-11-05 13:49:57 0 [Warning] mariadbd: io_uring_queue_init() failed with errno 95
2024-11-05 13:49:57 0 [Warning] InnoDB: liburing disabled: falling back to innodb_use_native_aio=OFF
2024-11-05 13:49:57 0 [Note] InnoDB: Initializing buffer pool, total size = 128.000MiB, chunk size = 2.000MiB
2024-11-05 13:49:57 0 [Note] InnoDB: Completed initialization of buffer pool
2024-11-05 13:49:57 0 [Note] InnoDB: File system buffers for log disabled (block size=512 bytes)
2024-11-05 13:49:57 0 [Note] InnoDB: End of log at LSN=47763
2024-11-05 13:49:57 0 [Note] InnoDB: Opened 3 undo tablespaces
2024-11-05 13:49:57 0 [Note] InnoDB: 128 rollback segments in 3 undo tablespaces are active.
2024-11-05 13:49:57 0 [Note] InnoDB: Removed temporary tablespace data file: "./ibtmp1"
2024-11-05 13:49:57 0 [Note] InnoDB: Setting file './ibtmp1' size to 12.000MiB. Physically writing the file full; Please wait ...
2024-11-05 13:49:57 0 [Note] InnoDB: File './ibtmp1' size is now 12.000MiB.
2024-11-05 13:49:57 0 [Note] InnoDB: log sequence number 47763; transaction id 14
2024-11-05 13:49:57 0 [Note] InnoDB: Loading buffer pool(s) from /var/lib/mysql/ib_buffer_pool
2024-11-05 13:49:57 0 [Note] Plugin 'FEEDBACK' is disabled.
2024-11-05 13:49:57 0 [Note] Plugin 'wsrep-provider' is disabled.
2024-11-05 13:49:57 0 [Note] Recovering after a crash using tc.log
2024-11-05 13:49:57 0 [Note] Starting table crash recovery...
2024-11-05 13:49:57 0 [Note] Crash table recovery finished.
2024-11-05 13:49:57 0 [Note] InnoDB: Buffer pool(s) load completed at 241105 13:49:57
2024-11-05 13:50:01 0 [Note] Server socket created on IP: '0.0.0.0'.
2024-11-05 13:50:01 0 [Note] Server socket created on IP: '::'.
2024-11-05 13:50:01 0 [Note] mariadbd: Event Scheduler: Loaded 0 events
2024-11-05 13:50:01 0 [Note] mariadbd: ready for connections.
Version: '11.5.2-MariaDB-ubu2404-log'  socket: '/run/mysqld/mysqld.sock'  port: 3306  mariadb.org binary distribution
2024-11-05 14:00:37 0 [Note] Starting MariaDB 11.5.2-MariaDB-ubu2404-log source revision ea75a0b6009b0251e83193cd38c3974e36b65e06 server_uid n3eKaMtS8s6kK5ByziRd0O6+e6o= as process 20
2024-11-05 14:00:38 0 [Note] InnoDB: Compressed tables use zlib 1.3
2024-11-05 14:00:38 0 [Note] InnoDB: Number of transaction pools: 1
2024-11-05 14:00:38 0 [Note] InnoDB: Using AVX512 instructions
2024-11-05 14:00:38 0 [Note] mariadbd: O_TMPFILE is not supported on /tmp (disabling future attempts)
2024-11-05 14:00:38 0 [Warning] mariadbd: io_uring_queue_init() failed with errno 95
2024-11-05 14:00:38 0 [Warning] InnoDB: liburing disabled: falling back to innodb_use_native_aio=OFF
2024-11-05 14:00:38 0 [Note] InnoDB: Initializing buffer pool, total size = 128.000MiB, chunk size = 2.000MiB
2024-11-05 14:00:38 0 [Note] InnoDB: Completed initialization of buffer pool
2024-11-05 14:00:38 0 [Note] InnoDB: File system buffers for log disabled (block size=512 bytes)
2024-11-05 14:00:38 0 [Note] InnoDB: Starting crash recovery from checkpoint LSN=47747
2024-11-05 14:00:38 0 [Note] InnoDB: End of log at LSN=140179
2024-11-05 14:00:38 0 [Note] InnoDB: To recover: 249 pages
2024-11-05 14:00:38 0 [Note] InnoDB: Opened 3 undo tablespaces
2024-11-05 14:00:38 0 [Note] InnoDB: 128 rollback segments in 3 undo tablespaces are active.
2024-11-05 14:00:38 0 [Note] InnoDB: Removed temporary tablespace data file: "./ibtmp1"
2024-11-05 14:00:38 0 [Note] InnoDB: Setting file './ibtmp1' size to 12.000MiB. Physically writing the file full; Please wait ...
2024-11-05 14:00:38 0 [Note] InnoDB: File './ibtmp1' size is now 12.000MiB.
2024-11-05 14:00:38 0 [Note] InnoDB: log sequence number 140179; transaction id 242
2024-11-05 14:00:38 0 [Note] InnoDB: Loading buffer pool(s) from /var/lib/mysql/ib_buffer_pool
2024-11-05 14:00:38 0 [Note] Plugin 'FEEDBACK' is disabled.
2024-11-05 14:00:38 0 [Note] Plugin 'wsrep-provider' is disabled.
2024-11-05 14:00:38 0 [Note] InnoDB: Buffer pool(s) load completed at 241105 14:00:38
2024-11-05 14:00:38 0 [Note] Recovering after a crash using tc.log
2024-11-05 14:00:38 0 [Note] Starting table crash recovery...
2024-11-05 14:00:38 0 [Note] Crash table recovery finished.
2024-11-05 14:00:41 0 [Note] Server socket created on IP: '0.0.0.0'.
2024-11-05 14:00:41 0 [Note] Server socket created on IP: '::'.
2024-11-05 14:00:41 0 [Note] mariadbd: Event Scheduler: Loaded 0 events
2024-11-05 14:00:41 0 [Note] mariadbd: ready for connections.
Version: '11.5.2-MariaDB-ubu2404-log'  socket: '/run/mysqld/mysqld.sock'  port: 3306  mariadb.org binary distribution
